============================================================
  Generated by:           Encounter(R) RTL Compiler RC14.27 - v14.20-s064_1
  Generated on:           Dec 10 2018  02:09:58 am
  Module:                 sorter
  Technology libraries:   PwcV162T125_STD_CELL_7RF 
                          physical_cells 
  Operating conditions:   _nominal_ 
  Interconnect mode:      global
  Area mode:              physical library
============================================================

                                   Leakage     Dynamic       Total    
          Instance          Cells Power(nW)   Power(nW)    Power(nW)  
----------------------------------------------------------------------
sorter                        930  4388.612 10346495.370 10350883.983 
  comp_inst_1                  70   215.103   422154.491   422369.595 
  comp_inst_3                  70   215.103   434062.775   434277.878 
  comp_inst_4                  70   215.103   404461.191   404676.294 
  comp_inst_2                  71   214.837   444827.363   445042.200 
  reg_inst[0..nput_register    16   125.155   193023.163   193148.318 
    reg_inst[0].ffd_inst        1     7.822    11655.414    11663.236 
    reg_inst[10].ffd_inst       1     7.822    16350.960    16358.782 
    reg_inst[11].ffd_inst       1     7.822    11666.336    11674.158 
    reg_inst[12].ffd_inst       1     7.822    12767.508    12775.331 
    reg_inst[13].ffd_inst       1     7.822     8357.762     8365.585 
    reg_inst[14].ffd_inst       1     7.822     8783.124     8790.946 
    reg_inst[15].ffd_inst       1     7.822     7259.153     7266.975 
    reg_inst[1].ffd_inst        1     7.822    14512.826    14520.648 
    reg_inst[2].ffd_inst        1     7.822    13597.073    13604.895 
    reg_inst[3].ffd_inst        1     7.822    11944.982    11952.804 
    reg_inst[4].ffd_inst        1     7.822    15685.493    15693.316 
    reg_inst[5].ffd_inst        1     7.822    10668.234    10676.056 
    reg_inst[6].ffd_inst        1     7.822    12217.058    12224.880 
    reg_inst[7].ffd_inst        1     7.822    10118.538    10126.360 
    reg_inst[8].ffd_inst        1     7.822    14483.372    14491.194 
    reg_inst[9].ffd_inst        1     7.822    12955.330    12963.152 
  reg_inst[1..nput_register    16   125.155   195787.943   195913.097 
    reg_inst[0].ffd_inst        1     7.822    13597.325    13605.147 
    reg_inst[10].ffd_inst       1     7.822    14028.955    14036.777 
    reg_inst[11].ffd_inst       1     7.822    13637.101    13644.923 
    reg_inst[12].ffd_inst       1     7.822    10980.820    10988.643 
    reg_inst[13].ffd_inst       1     7.822    12293.137    12300.959 
    reg_inst[14].ffd_inst       1     7.822    12627.025    12634.848 
    reg_inst[15].ffd_inst       1     7.822    10039.579    10047.401 
    reg_inst[1].ffd_inst        1     7.822    14177.878    14185.700 
    reg_inst[2].ffd_inst        1     7.822    11400.599    11408.421 
    reg_inst[3].ffd_inst        1     7.822    11371.152    11378.974 
    reg_inst[4].ffd_inst        1     7.822    12441.960    12449.782 
    reg_inst[5].ffd_inst        1     7.822    11177.981    11185.803 
    reg_inst[6].ffd_inst        1     7.822    11979.842    11987.664 
    reg_inst[7].ffd_inst        1     7.822     9840.584     9848.406 
    reg_inst[8].ffd_inst        1     7.822    13534.033    13541.855 
    reg_inst[9].ffd_inst        1     7.822    12659.972    12667.794 
  reg_inst[2..nput_register    16   125.155   185039.209   185164.364 
    reg_inst[0].ffd_inst        1     7.822    11118.900    11126.722 
    reg_inst[10].ffd_inst       1     7.822     9871.399     9879.221 
    reg_inst[11].ffd_inst       1     7.822    11841.506    11849.328 
    reg_inst[12].ffd_inst       1     7.822    11941.425    11949.247 
    reg_inst[13].ffd_inst       1     7.822    14663.116    14670.938 
    reg_inst[14].ffd_inst       1     7.822    12351.182    12359.004 
    reg_inst[15].ffd_inst       1     7.822     9334.532     9342.355 
    reg_inst[1].ffd_inst        1     7.822     9497.223     9505.045 
    reg_inst[2].ffd_inst        1     7.822     9813.073     9820.895 
    reg_inst[3].ffd_inst        1     7.822    15918.011    15925.834 
    reg_inst[4].ffd_inst        1     7.822     8952.140     8959.962 
    reg_inst[5].ffd_inst        1     7.822    12342.700    12350.522 
    reg_inst[6].ffd_inst        1     7.822    11819.520    11827.342 
    reg_inst[7].ffd_inst        1     7.822    10666.864    10674.686 
    reg_inst[8].ffd_inst        1     7.822    10943.470    10951.292 
    reg_inst[9].ffd_inst        1     7.822    13964.150    13971.972 
  reg_inst[3..nput_register    16   125.155   215201.303   215326.458 
    reg_inst[0].ffd_inst        1     7.822    14350.991    14358.814 
    reg_inst[10].ffd_inst       1     7.822    12487.433    12495.255 
    reg_inst[11].ffd_inst       1     7.822    16099.116    16106.938 
    reg_inst[12].ffd_inst       1     7.822    12930.122    12937.944 
    reg_inst[13].ffd_inst       1     7.822    11210.158    11217.980 
    reg_inst[14].ffd_inst       1     7.822    12906.536    12914.358 
    reg_inst[15].ffd_inst       1     7.822    12461.238    12469.060 
    reg_inst[1].ffd_inst        1     7.822    12947.041    12954.863 
    reg_inst[2].ffd_inst        1     7.822    14897.260    14905.082 
    reg_inst[3].ffd_inst        1     7.822    15488.388    15496.211 
    reg_inst[4].ffd_inst        1     7.822    13603.153    13610.975 
    reg_inst[5].ffd_inst        1     7.822    11803.063    11810.885 
    reg_inst[6].ffd_inst        1     7.822    12368.003    12375.825 
    reg_inst[7].ffd_inst        1     7.822    13020.080    13027.902 
    reg_inst[8].ffd_inst        1     7.822    14257.298    14265.120 
    reg_inst[9].ffd_inst        1     7.822    14371.423    14379.245 
  reg_inst[4..nput_register    16   125.155   217035.358   217160.512 
    reg_inst[0].ffd_inst        1     7.822    14638.657    14646.479 
    reg_inst[10].ffd_inst       1     7.822    15383.990    15391.812 
    reg_inst[11].ffd_inst       1     7.822    11963.517    11971.339 
    reg_inst[12].ffd_inst       1     7.822    15246.533    15254.356 
    reg_inst[13].ffd_inst       1     7.822    13861.280    13869.103 
    reg_inst[14].ffd_inst       1     7.822     9806.417     9814.240 
    reg_inst[15].ffd_inst       1     7.822    10517.748    10525.570 
    reg_inst[1].ffd_inst        1     7.822    15742.899    15750.721 
    reg_inst[2].ffd_inst        1     7.822    12502.314    12510.136 
    reg_inst[3].ffd_inst        1     7.822    11739.400    11747.223 
    reg_inst[4].ffd_inst        1     7.822    15999.930    16007.753 
    reg_inst[5].ffd_inst        1     7.822    15965.452    15973.275 
    reg_inst[6].ffd_inst        1     7.822    12465.325    12473.147 
    reg_inst[7].ffd_inst        1     7.822    14903.589    14911.411 
    reg_inst[8].ffd_inst        1     7.822    13136.622    13144.444 
    reg_inst[9].ffd_inst        1     7.822    13161.683    13169.505 
  reg_inst[5..nput_register    16   125.155   206222.283   206347.438 
    reg_inst[0].ffd_inst        1     7.822    11166.550    11174.372 
    reg_inst[10].ffd_inst       1     7.822    15018.224    15026.047 
    reg_inst[11].ffd_inst       1     7.822    12036.957    12044.779 
    reg_inst[12].ffd_inst       1     7.822    13095.183    13103.006 
    reg_inst[13].ffd_inst       1     7.822    16299.038    16306.860 
    reg_inst[14].ffd_inst       1     7.822    10809.352    10817.174 
    reg_inst[15].ffd_inst       1     7.822     8093.451     8101.273 
    reg_inst[1].ffd_inst        1     7.822    11890.217    11898.039 
    reg_inst[2].ffd_inst        1     7.822    11606.171    11613.993 
    reg_inst[3].ffd_inst        1     7.822    14453.963    14461.786 
    reg_inst[4].ffd_inst        1     7.822    15152.119    15159.942 
    reg_inst[5].ffd_inst        1     7.822    14417.423    14425.246 
    reg_inst[6].ffd_inst        1     7.822    11760.874    11768.696 
    reg_inst[7].ffd_inst        1     7.822    14926.616    14934.438 
    reg_inst[8].ffd_inst        1     7.822    12750.663    12758.486 
    reg_inst[9].ffd_inst        1     7.822    12745.479    12753.302 
  reg_inst[6..nput_register    16   125.155   212199.648   212324.803 
    reg_inst[0].ffd_inst        1     7.822    13399.345    13407.167 
    reg_inst[10].ffd_inst       1     7.822    14542.675    14550.497 
    reg_inst[11].ffd_inst       1     7.822    13659.035    13666.857 
    reg_inst[12].ffd_inst       1     7.822     9852.907     9860.729 
    reg_inst[13].ffd_inst       1     7.822    13595.367    13603.189 
    reg_inst[14].ffd_inst       1     7.822    14115.780    14123.602 
    reg_inst[15].ffd_inst       1     7.822     7548.788     7556.610 
    reg_inst[1].ffd_inst        1     7.822    10249.800    10257.622 
    reg_inst[2].ffd_inst        1     7.822    12667.336    12675.159 
    reg_inst[3].ffd_inst        1     7.822    13537.088    13544.910 
    reg_inst[4].ffd_inst        1     7.822    14083.639    14091.461 
    reg_inst[5].ffd_inst        1     7.822    13766.397    13774.219 
    reg_inst[6].ffd_inst        1     7.822    14079.365    14087.187 
    reg_inst[7].ffd_inst        1     7.822    14946.173    14953.996 
    reg_inst[8].ffd_inst        1     7.822    17413.858    17421.680 
    reg_inst[9].ffd_inst        1     7.822    14742.095    14749.917 
  reg_inst[7..nput_register    16   125.155   193706.989   193832.144 
    reg_inst[0].ffd_inst        1     7.822    12797.817    12805.639 
    reg_inst[10].ffd_inst       1     7.822    11248.915    11256.737 
    reg_inst[11].ffd_inst       1     7.822    14573.180    14581.002 
    reg_inst[12].ffd_inst       1     7.822    11198.915    11206.737 
    reg_inst[13].ffd_inst       1     7.822    10414.076    10421.898 
    reg_inst[14].ffd_inst       1     7.822    11319.087    11326.909 
    reg_inst[15].ffd_inst       1     7.822     9334.694     9342.516 
    reg_inst[1].ffd_inst        1     7.822    13153.659    13161.481 
    reg_inst[2].ffd_inst        1     7.822    11860.915    11868.737 
    reg_inst[3].ffd_inst        1     7.822    10462.473    10470.295 
    reg_inst[4].ffd_inst        1     7.822    11811.274    11819.096 
    reg_inst[5].ffd_inst        1     7.822    10549.448    10557.270 
    reg_inst[6].ffd_inst        1     7.822    11996.445    12004.267 
    reg_inst[7].ffd_inst        1     7.822    13693.701    13701.523 
    reg_inst[8].ffd_inst        1     7.822    14415.078    14422.901 
    reg_inst[9].ffd_inst        1     7.822    14877.314    14885.136 
  reg_inst[8..nput_register    16   125.155   168115.329   168240.484 
    reg_inst[0].ffd_inst        1     7.822    11581.029    11588.851 
    reg_inst[10].ffd_inst       1     7.822    10980.411    10988.233 
    reg_inst[11].ffd_inst       1     7.822    12213.130    12220.952 
    reg_inst[12].ffd_inst       1     7.822    10557.003    10564.825 
    reg_inst[13].ffd_inst       1     7.822    12767.313    12775.135 
    reg_inst[14].ffd_inst       1     7.822     9563.623     9571.445 
    reg_inst[15].ffd_inst       1     7.822     6426.929     6434.752 
    reg_inst[1].ffd_inst        1     7.822    10306.438    10314.261 
    reg_inst[2].ffd_inst        1     7.822    10103.642    10111.464 
    reg_inst[3].ffd_inst        1     7.822    10043.921    10051.743 
    reg_inst[4].ffd_inst        1     7.822    11409.139    11416.961 
    reg_inst[5].ffd_inst        1     7.822     9593.399     9601.222 
    reg_inst[6].ffd_inst        1     7.822    10165.493    10173.315 
    reg_inst[7].ffd_inst        1     7.822    10158.528    10166.350 
    reg_inst[8].ffd_inst        1     7.822    12169.102    12176.924 
    reg_inst[9].ffd_inst        1     7.822    10076.228    10084.050 
  reg_inst[9..nput_register    16   125.155   181265.697   181390.852 
    reg_inst[0].ffd_inst        1     7.822    12745.897    12753.719 
    reg_inst[10].ffd_inst       1     7.822    11076.918    11084.740 
    reg_inst[11].ffd_inst       1     7.822    12556.064    12563.886 
    reg_inst[12].ffd_inst       1     7.822    12790.869    12798.692 
    reg_inst[13].ffd_inst       1     7.822    10043.437    10051.259 
    reg_inst[14].ffd_inst       1     7.822     6988.646     6996.468 
    reg_inst[15].ffd_inst       1     7.822     8613.397     8621.219 
    reg_inst[1].ffd_inst        1     7.822    12434.576    12442.398 
    reg_inst[2].ffd_inst        1     7.822    13853.188    13861.010 
    reg_inst[3].ffd_inst        1     7.822    11549.293    11557.115 
    reg_inst[4].ffd_inst        1     7.822    10134.481    10142.303 
    reg_inst[5].ffd_inst        1     7.822    11805.464    11813.287 
    reg_inst[6].ffd_inst        1     7.822    10168.124    10175.946 
    reg_inst[7].ffd_inst        1     7.822     9329.644     9337.466 
    reg_inst[8].ffd_inst        1     7.822    13983.613    13991.435 
    reg_inst[9].ffd_inst        1     7.822    13192.086    13199.909 
  comp_inst_0                  37   112.080   295739.275   295851.355 
  odd_even_inst                 3    27.475    19860.195    19887.670 
  rst_inst                      2    19.453   132470.257   132489.710 
  swap_inst                     3    15.948    10061.939    10077.887 
  step_inst                     3    14.525     5736.093     5750.618 

