============================================================
  Generated by:           Encounter(R) RTL Compiler RC14.27 - v14.20-s064_1
  Generated on:           Dec 10 2018  09:52:35 am
  Module:                 sorter
  Technology libraries:   PwcV162T125_STD_CELL_7RF 
                          physical_cells 
  Operating conditions:   _nominal_ 
  Interconnect mode:      global
  Area mode:              physical library
============================================================

                                   Leakage    Dynamic      Total    
          Instance          Cells Power(nW)  Power(nW)   Power(nW)  
--------------------------------------------------------------------
sorter                        904  4287.191 6038942.766 6043229.958 
  comp_inst_1                  64   190.929  248623.336  248814.265 
  comp_inst_3                  64   190.929  221376.646  221567.574 
  comp_inst_4                  64   190.929  239972.790  240163.719 
  comp_inst_2                  63   188.824  227943.439  228132.263 
  reg_inst[0..nput_register    16   125.155  125019.270  125144.425 
    reg_inst[0].ffd_inst        1     7.822    7762.655    7770.477 
    reg_inst[10].ffd_inst       1     7.822    8576.785    8584.607 
    reg_inst[11].ffd_inst       1     7.822   10560.799   10568.622 
    reg_inst[12].ffd_inst       1     7.822    8539.095    8546.917 
    reg_inst[13].ffd_inst       1     7.822    8511.958    8519.780 
    reg_inst[14].ffd_inst       1     7.822    7098.489    7106.311 
    reg_inst[15].ffd_inst       1     7.822    5166.166    5173.988 
    reg_inst[1].ffd_inst        1     7.822    6633.769    6641.591 
    reg_inst[2].ffd_inst        1     7.822    8571.185    8579.008 
    reg_inst[3].ffd_inst        1     7.822    7465.044    7472.866 
    reg_inst[4].ffd_inst        1     7.822    7187.349    7195.171 
    reg_inst[5].ffd_inst        1     7.822    7737.486    7745.308 
    reg_inst[6].ffd_inst        1     7.822    7785.565    7793.387 
    reg_inst[7].ffd_inst        1     7.822    7398.976    7406.798 
    reg_inst[8].ffd_inst        1     7.822    8607.593    8615.415 
    reg_inst[9].ffd_inst        1     7.822    7416.357    7424.179 
  reg_inst[1..nput_register    16   125.155  104109.433  104234.588 
    reg_inst[0].ffd_inst        1     7.822    6348.630    6356.452 
    reg_inst[10].ffd_inst       1     7.822    5186.679    5194.502 
    reg_inst[11].ffd_inst       1     7.822    7402.553    7410.375 
    reg_inst[12].ffd_inst       1     7.822    8660.904    8668.726 
    reg_inst[13].ffd_inst       1     7.822    6494.122    6501.944 
    reg_inst[14].ffd_inst       1     7.822    6862.047    6869.870 
    reg_inst[15].ffd_inst       1     7.822    5951.814    5959.636 
    reg_inst[1].ffd_inst        1     7.822    4738.620    4746.443 
    reg_inst[2].ffd_inst        1     7.822    6500.013    6507.835 
    reg_inst[3].ffd_inst        1     7.822    6444.359    6452.181 
    reg_inst[4].ffd_inst        1     7.822    6423.965    6431.787 
    reg_inst[5].ffd_inst        1     7.822    5753.020    5760.842 
    reg_inst[6].ffd_inst        1     7.822    6358.047    6365.869 
    reg_inst[7].ffd_inst        1     7.822    8145.659    8153.481 
    reg_inst[8].ffd_inst        1     7.822    5383.396    5391.218 
    reg_inst[9].ffd_inst        1     7.822    7455.605    7463.427 
  reg_inst[2..nput_register    16   125.155  103754.349  103879.504 
    reg_inst[0].ffd_inst        1     7.822    5476.682    5484.505 
    reg_inst[10].ffd_inst       1     7.822    7025.220    7033.042 
    reg_inst[11].ffd_inst       1     7.822    7275.852    7283.674 
    reg_inst[12].ffd_inst       1     7.822    5430.036    5437.858 
    reg_inst[13].ffd_inst       1     7.822    5849.714    5857.537 
    reg_inst[14].ffd_inst       1     7.822    7182.846    7190.669 
    reg_inst[15].ffd_inst       1     7.822    4983.141    4990.964 
    reg_inst[1].ffd_inst        1     7.822    5778.431    5786.253 
    reg_inst[2].ffd_inst        1     7.822    5254.102    5261.924 
    reg_inst[3].ffd_inst        1     7.822    8220.511    8228.333 
    reg_inst[4].ffd_inst        1     7.822    8015.894    8023.716 
    reg_inst[5].ffd_inst        1     7.822    7439.088    7446.911 
    reg_inst[6].ffd_inst        1     7.822    5414.673    5422.495 
    reg_inst[7].ffd_inst        1     7.822    6279.417    6287.239 
    reg_inst[8].ffd_inst        1     7.822    5960.939    5968.761 
    reg_inst[9].ffd_inst        1     7.822    8167.802    8175.624 
  reg_inst[3..nput_register    16   125.155  120040.949  120166.104 
    reg_inst[0].ffd_inst        1     7.822    6461.556    6469.378 
    reg_inst[10].ffd_inst       1     7.822    7113.676    7121.499 
    reg_inst[11].ffd_inst       1     7.822    7559.934    7567.757 
    reg_inst[12].ffd_inst       1     7.822    6474.478    6482.300 
    reg_inst[13].ffd_inst       1     7.822    5808.682    5816.504 
    reg_inst[14].ffd_inst       1     7.822    6999.954    7007.776 
    reg_inst[15].ffd_inst       1     7.822    8774.762    8782.584 
    reg_inst[1].ffd_inst        1     7.822    7015.705    7023.527 
    reg_inst[2].ffd_inst        1     7.822    4660.496    4668.318 
    reg_inst[3].ffd_inst        1     7.822    7639.074    7646.896 
    reg_inst[4].ffd_inst        1     7.822    8844.788    8852.610 
    reg_inst[5].ffd_inst        1     7.822    8777.265    8785.087 
    reg_inst[6].ffd_inst        1     7.822    7507.067    7514.889 
    reg_inst[7].ffd_inst        1     7.822    9399.242    9407.064 
    reg_inst[8].ffd_inst        1     7.822    7567.009    7574.832 
    reg_inst[9].ffd_inst        1     7.822    9437.262    9445.084 
  reg_inst[4..nput_register    16   125.155  100516.092  100641.247 
    reg_inst[0].ffd_inst        1     7.822    6070.385    6078.207 
    reg_inst[10].ffd_inst       1     7.822    5370.472    5378.294 
    reg_inst[11].ffd_inst       1     7.822    6619.250    6627.072 
    reg_inst[12].ffd_inst       1     7.822    5264.187    5272.009 
    reg_inst[13].ffd_inst       1     7.822    5477.747    5485.569 
    reg_inst[14].ffd_inst       1     7.822    5767.602    5775.425 
    reg_inst[15].ffd_inst       1     7.822    5119.598    5127.420 
    reg_inst[1].ffd_inst        1     7.822    6715.285    6723.108 
    reg_inst[2].ffd_inst        1     7.822    6595.918    6603.740 
    reg_inst[3].ffd_inst        1     7.822    7355.466    7363.288 
    reg_inst[4].ffd_inst        1     7.822    5503.869    5511.691 
    reg_inst[5].ffd_inst        1     7.822    9086.414    9094.236 
    reg_inst[6].ffd_inst        1     7.822    7202.834    7210.656 
    reg_inst[7].ffd_inst        1     7.822    7486.687    7494.509 
    reg_inst[8].ffd_inst        1     7.822    5351.923    5359.746 
    reg_inst[9].ffd_inst        1     7.822    5528.455    5536.277 
  reg_inst[5..nput_register    16   125.155  101298.834  101423.989 
    reg_inst[0].ffd_inst        1     7.822    6941.061    6948.883 
    reg_inst[10].ffd_inst       1     7.822    4465.504    4473.326 
    reg_inst[11].ffd_inst       1     7.822    8842.686    8850.508 
    reg_inst[12].ffd_inst       1     7.822    8164.481    8172.303 
    reg_inst[13].ffd_inst       1     7.822    5135.035    5142.858 
    reg_inst[14].ffd_inst       1     7.822    3870.827    3878.649 
    reg_inst[15].ffd_inst       1     7.822    3262.908    3270.730 
    reg_inst[1].ffd_inst        1     7.822    8911.080    8918.902 
    reg_inst[2].ffd_inst        1     7.822    7523.215    7531.038 
    reg_inst[3].ffd_inst        1     7.822    7561.329    7569.151 
    reg_inst[4].ffd_inst        1     7.822    6488.876    6496.698 
    reg_inst[5].ffd_inst        1     7.822    8198.935    8206.757 
    reg_inst[6].ffd_inst        1     7.822    4658.513    4666.335 
    reg_inst[7].ffd_inst        1     7.822    7000.188    7008.010 
    reg_inst[8].ffd_inst        1     7.822    5164.599    5172.421 
    reg_inst[9].ffd_inst        1     7.822    5109.598    5117.420 
  reg_inst[6..nput_register    16   125.155   90342.945   90468.100 
    reg_inst[0].ffd_inst        1     7.822    6072.530    6080.352 
    reg_inst[10].ffd_inst       1     7.822    4400.073    4407.895 
    reg_inst[11].ffd_inst       1     7.822    6469.924    6477.746 
    reg_inst[12].ffd_inst       1     7.822    6992.237    7000.059 
    reg_inst[13].ffd_inst       1     7.822    4123.931    4131.753 
    reg_inst[14].ffd_inst       1     7.822    4552.059    4559.881 
    reg_inst[15].ffd_inst       1     7.822    5130.729    5138.551 
    reg_inst[1].ffd_inst        1     7.822    5930.048    5937.870 
    reg_inst[2].ffd_inst        1     7.822    6559.004    6566.826 
    reg_inst[3].ffd_inst        1     7.822    4377.751    4385.573 
    reg_inst[4].ffd_inst        1     7.822    7220.013    7227.835 
    reg_inst[5].ffd_inst        1     7.822    5476.994    5484.817 
    reg_inst[6].ffd_inst        1     7.822    4624.660    4632.482 
    reg_inst[7].ffd_inst        1     7.822    7450.125    7457.947 
    reg_inst[8].ffd_inst        1     7.822    6027.912    6035.734 
    reg_inst[9].ffd_inst        1     7.822    4934.954    4942.777 
  reg_inst[7..nput_register    16   125.155  109881.935  110007.090 
    reg_inst[0].ffd_inst        1     7.822    5829.720    5837.542 
    reg_inst[10].ffd_inst       1     7.822    6414.811    6422.633 
    reg_inst[11].ffd_inst       1     7.822    8793.163    8800.985 
    reg_inst[12].ffd_inst       1     7.822    6987.816    6995.638 
    reg_inst[13].ffd_inst       1     7.822    7532.200    7540.022 
    reg_inst[14].ffd_inst       1     7.822    7027.950    7035.772 
    reg_inst[15].ffd_inst       1     7.822    6337.296    6345.118 
    reg_inst[1].ffd_inst        1     7.822    7084.579    7092.401 
    reg_inst[2].ffd_inst        1     7.822    7582.071    7589.893 
    reg_inst[3].ffd_inst        1     7.822    6728.704    6736.526 
    reg_inst[4].ffd_inst        1     7.822    6977.325    6985.147 
    reg_inst[5].ffd_inst        1     7.822    7530.129    7537.951 
    reg_inst[6].ffd_inst        1     7.822    4417.870    4425.692 
    reg_inst[7].ffd_inst        1     7.822    6480.405    6488.228 
    reg_inst[8].ffd_inst        1     7.822    5338.440    5346.262 
    reg_inst[9].ffd_inst        1     7.822    8819.456    8827.278 
  reg_inst[8..nput_register    16   125.155  121053.291  121178.445 
    reg_inst[0].ffd_inst        1     7.822    8927.920    8935.742 
    reg_inst[10].ffd_inst       1     7.822    6361.984    6369.806 
    reg_inst[11].ffd_inst       1     7.822    7019.750    7027.572 
    reg_inst[12].ffd_inst       1     7.822    6392.515    6400.338 
    reg_inst[13].ffd_inst       1     7.822    6027.256    6035.078 
    reg_inst[14].ffd_inst       1     7.822    9714.874    9722.696 
    reg_inst[15].ffd_inst       1     7.822    6862.775    6870.597 
    reg_inst[1].ffd_inst        1     7.822    7753.078    7760.900 
    reg_inst[2].ffd_inst        1     7.822    7118.177    7126.000 
    reg_inst[3].ffd_inst        1     7.822    9242.818    9250.640 
    reg_inst[4].ffd_inst        1     7.822    9246.346    9254.168 
    reg_inst[5].ffd_inst        1     7.822    8427.004    8434.826 
    reg_inst[6].ffd_inst        1     7.822    7649.733    7657.555 
    reg_inst[7].ffd_inst        1     7.822    6330.407    6338.230 
    reg_inst[8].ffd_inst        1     7.822    4700.450    4708.272 
    reg_inst[9].ffd_inst        1     7.822    9278.204    9286.026 
  reg_inst[9..nput_register    16   125.155   88006.930   88132.084 
    reg_inst[0].ffd_inst        1     7.822    6464.405    6472.228 
    reg_inst[10].ffd_inst       1     7.822    6385.177    6393.000 
    reg_inst[11].ffd_inst       1     7.822    7493.279    7501.101 
    reg_inst[12].ffd_inst       1     7.822    4820.764    4828.586 
    reg_inst[13].ffd_inst       1     7.822    5385.655    5393.477 
    reg_inst[14].ffd_inst       1     7.822    5892.976    5900.798 
    reg_inst[15].ffd_inst       1     7.822    3735.988    3743.811 
    reg_inst[1].ffd_inst        1     7.822    5422.137    5429.959 
    reg_inst[2].ffd_inst        1     7.822    5499.501    5507.324 
    reg_inst[3].ffd_inst        1     7.822    5144.564    5152.386 
    reg_inst[4].ffd_inst        1     7.822    5476.931    5484.753 
    reg_inst[5].ffd_inst        1     7.822    4437.553    4445.375 
    reg_inst[6].ffd_inst        1     7.822    6067.270    6075.092 
    reg_inst[7].ffd_inst        1     7.822    6416.184    6424.006 
    reg_inst[8].ffd_inst        1     7.822    4278.368    4286.190 
    reg_inst[9].ffd_inst        1     7.822    5086.176    5093.998 
  comp_inst_0                  37   112.080  197580.922  197693.001 
  odd_even_inst                 3    27.475   25525.847   25553.322 
  rst_inst                      2    19.453   77920.144   77939.596 
  swap_inst                     3    15.948    5232.508    5248.455 
  step_inst                     3    14.525    3374.037    3388.562 

